beagle.28Sep18.793.jar (version 5.0)
Copyright (C) 2014-2018 Brian L. Browning
Enter "java -jar beagle.28Sep18.793.jar" to list command line argument
Start time: 07:12 PM EDT on 29 Apr 2021

Command line: java -Xmx512000m -jar beagle.28Sep18.793.jar
  gt=/local/workdir/mw489/NRCRI_2021GS/data/Report-DCas21-5841/chr15_DCas21_5841.vcf.gz
  map=/local/workdir/mw489/NRCRI_2021GS/data/CassavaGeneticMap/chr15_cassava_cM_pred.v6_91019.map
  ref=/local/workdir/mw489/NRCRI_2021GS/data/chr15_ImputationReferencePanel_StageIIpartI_72219.vcf.gz
  out=/local/workdir/mw489/NRCRI_2021GS/output/chr15_DCas21_5841_WA_REFimputed
  nthreads=112
  impute=TRUE
  ne=1e+05

Reference samples:      15,074
Study samples:             434

Window 1 (15:13677-7069947)
Reference markers:       2,433
Study markers:             113

Burnin  iteration 1:           3 seconds
Burnin  iteration 2:           1 second
Burnin  iteration 3:           0 seconds
Burnin  iteration 4:           0 seconds
Burnin  iteration 5:           1 second
Burnin  iteration 6:           0 seconds

Phasing iteration 1:           1 second
Phasing iteration 2:           0 seconds
Phasing iteration 3:           0 seconds
Phasing iteration 4:           0 seconds
Phasing iteration 5:           0 seconds
Phasing iteration 6:           0 seconds
Phasing iteration 7:           0 seconds
Phasing iteration 8:           0 seconds
Phasing iteration 9:           0 seconds
Phasing iteration 10:          0 seconds
Phasing iteration 11:          0 seconds
Phasing iteration 12:          0 seconds

Imputation time:               4 seconds

Window 2 (15:6269826-11982789)
Reference markers:       1,763
Study markers:              83

Burnin  iteration 1:           0 seconds
Burnin  iteration 2:           0 seconds
Burnin  iteration 3:           0 seconds
Burnin  iteration 4:           0 seconds
Burnin  iteration 5:           0 seconds
Burnin  iteration 6:           0 seconds

Phasing iteration 1:           0 seconds
Phasing iteration 2:           0 seconds
Phasing iteration 3:           0 seconds
Phasing iteration 4:           0 seconds
Phasing iteration 5:           0 seconds
Phasing iteration 6:           0 seconds
Phasing iteration 7:           0 seconds
Phasing iteration 8:           0 seconds
Phasing iteration 9:           0 seconds
Phasing iteration 10:          0 seconds
Phasing iteration 11:          0 seconds
Phasing iteration 12:          0 seconds

Imputation time:               1 second

Window 3 (15:11522692-23919913)
Reference markers:       1,001
Study markers:              25

Burnin  iteration 1:           0 seconds
Burnin  iteration 2:           0 seconds
Burnin  iteration 3:           0 seconds
Burnin  iteration 4:           0 seconds
Burnin  iteration 5:           0 seconds
Burnin  iteration 6:           0 seconds

Phasing iteration 1:           0 seconds
Phasing iteration 2:           0 seconds
Phasing iteration 3:           0 seconds
Phasing iteration 4:           0 seconds
Phasing iteration 5:           0 seconds
Phasing iteration 6:           0 seconds
Phasing iteration 7:           0 seconds
Phasing iteration 8:           0 seconds
Phasing iteration 9:           0 seconds
Phasing iteration 10:          0 seconds
Phasing iteration 11:          0 seconds
Phasing iteration 12:          0 seconds

Imputation time:               0 seconds

Window 4 (15:20813587-26189877)
Reference markers:         265
Study markers:               6

Burnin  iteration 1:           0 seconds
Burnin  iteration 2:           0 seconds
Burnin  iteration 3:           0 seconds
Burnin  iteration 4:           0 seconds
Burnin  iteration 5:           0 seconds
Burnin  iteration 6:           0 seconds

Phasing iteration 1:           0 seconds
Phasing iteration 2:           0 seconds
Phasing iteration 3:           0 seconds
Phasing iteration 4:           0 seconds
Phasing iteration 5:           0 seconds
Phasing iteration 6:           0 seconds
Phasing iteration 7:           0 seconds
Phasing iteration 8:           0 seconds
Phasing iteration 9:           0 seconds
Phasing iteration 10:          0 seconds
Phasing iteration 11:          0 seconds
Phasing iteration 12:          0 seconds

Imputation time:               0 seconds

Cumulative Statistics:

Reference markers:       4,886
Study markers:             201

Haplotype phasing time:        9 seconds
Imputation time:               0 seconds
Total time:                    18 seconds

End time: 07:13 PM EDT on 29 Apr 2021
beagle.28Sep18.793.jar finished
